<?xml version="1.0" encoding="UTF-8"?>
<testsuite name="GenericsMaxValueTest" tests="6" skipped="0" failures="0" errors="0" timestamp="2020-12-28T17:27:11" hostname="DESKTOP-PB86ROL" time="0.009">
  <properties/>
  <testcase name="givenSecondFloatAsMaxNumber_ShouldReturnSecondFloatAsMaximum" classname="GenericsMaxValueTest" time="0.002"/>
  <testcase name="givenSecondNumberAsMaXNumber_ShouldReturnSecondNumberAsMaximum" classname="GenericsMaxValueTest" time="0.0"/>
  <testcase name="givenThirdFloatAsMaxNumber_ShouldReturnThirdFloatAsMaximum" classname="GenericsMaxValueTest" time="0.0"/>
  <testcase name="givenThirdNumberAsMaXNumber_ShouldReturnThirdNumberAsMaximum" classname="GenericsMaxValueTest" time="0.001"/>
  <testcase name="givenFirstNumberAsMaxNumber_ShouldReturn_FirstNumberAsMax" classname="GenericsMaxValueTest" time="0.001"/>
  <testcase name="givenFirstFloatAsMaxNumber_ShouldReturnFirstFloatAsMaximum" classname="GenericsMaxValueTest" time="0.001"/>
  <system-out><![CDATA[]]></system-out>
  <system-err><![CDATA[]]></system-err>
</testsuite>
