<?xml version="1.0" encoding="UTF-8"?>
<testsuite name="GenericsMaxValueTest" tests="9" skipped="0" failures="0" errors="0" timestamp="2020-12-28T17:39:07" hostname="DESKTOP-PB86ROL" time="0.016">
  <properties/>
  <testcase name="givenSecondFloatAsMaxNumber_ShouldReturnSecondFloatAsMaximum" classname="GenericsMaxValueTest" time="0.002"/>
  <testcase name="givenSecondLetterAsMaximum_ShouldReturnSecondLetterAsMaximum" classname="GenericsMaxValueTest" time="0.007"/>
  <testcase name="givenSecondNumberAsMaXNumber_ShouldReturnSecondNumberAsMaximum" classname="GenericsMaxValueTest" time="0.0"/>
  <testcase name="givenThirdFloatAsMaxNumber_ShouldReturnThirdFloatAsMaximum" classname="GenericsMaxValueTest" time="0.0"/>
  <testcase name="givenThirdLetterAsMaximum_ShouldReturnThirdLetterAsMaximum" classname="GenericsMaxValueTest" time="0.0"/>
  <testcase name="givenThirdNumberAsMaXNumber_ShouldReturnThirdNumberAsMaximum" classname="GenericsMaxValueTest" time="0.0"/>
  <testcase name="givenFirstNumberAsMaxNumber_ShouldReturn_FirstNumberAsMax" classname="GenericsMaxValueTest" time="0.0"/>
  <testcase name="givenFirstLetterAsMaximum_ShouldReturnFirstLetterAsMaximum" classname="GenericsMaxValueTest" time="0.001"/>
  <testcase name="givenFirstFloatAsMaxNumber_ShouldReturnFirstFloatAsMaximum" classname="GenericsMaxValueTest" time="0.0"/>
  <system-out><![CDATA[ Maximum number is : venkatesh
 Maximum number is : venkatesh
 Maximum number is : venkatesh
]]></system-out>
  <system-err><![CDATA[]]></system-err>
</testsuite>
